-------------------------------------------------------------------------------
Test set: ru.netology.ConditionerAdvancerTest
-------------------------------------------------------------------------------
Tests run: 3, Failures: 1, Errors: 0, Skipped: 0, Time elapsed: 0.293 s <<< FAILURE! - in ru.netology.ConditionerAdvancerTest
shouldChangeCurrentTemperature  Time elapsed: 0.09 s  <<< FAILURE!
org.opentest4j.AssertionFailedError: expected: <20> but was: <0>
	at ru.netology.ConditionerAdvancerTest.shouldChangeCurrentTemperature(ConditionerAdvancerTest.java:27)

